<?xml version="1.0" encoding="UTF-8"?>
<!-- Generated by org.testng.reporters.JUnitXMLReporter -->
<testsuite ignored="0" hostname="CCU-SUDUTTA" failures="0" tests="17" name="Default test" time="173.673" errors="0" timestamp="2022-08-02T19:10:48 IST">
  <testcase classname="homePage.HomePage" name="Test0_initialization" time="3.653"/>
  <testcase classname="homePage.HomePage" name="Test1_load_data" time="1.107"/>
  <testcase classname="homePage.HomePage" name="Test2_login_to_registry" time="11.196"/>
  <testcase classname="homePage.HomePage" name="Test3_open_BA_creation_page" time="4.979"/>
  <testcase classname="homePage.HomePage" name="Test4_toast_message" time="2.625"/>
  <testcase classname="homePage.HomePage" name="Test5_select_banner_or_announcement" time="2.564"/>
  <testcase classname="homePage.HomePage" name="Test6_text_field" time="2.329"/>
  <testcase classname="homePage.HomePage" name="Test7_link_field" time="3.197"/>
  <testcase classname="homePage.HomePage" name="Test8_attachment_field" time="2.486"/>
  <testcase classname="homePage.HomePage" name="Test9_select_date_field" time="0.988"/>
  <testcase classname="homePage.HomePage" name="Test10_select_roles" time="2.247"/>
  <testcase classname="homePage.HomePage" name="Test11_select_customers" time="16.565"/>
  <testcase classname="homePage.HomePage" name="Test12_saveFinally" time="2.135"/>
  <testcase classname="homePage.HomePage" name="Test13_check_correctness_from_cs_role" time="97.746"/>
  <testcase classname="homePage.HomePage" name="Test14_check_correctness_from_other_roles" time="9.838"/>
  <testcase classname="homePage.HomePage" name="delete_banner_announcement" time="5.295"/>
  <testcase classname="homePage.HomePage" name="logout_and_close" time="4.628"/>
</testsuite> <!-- Default test -->
